
Loading the model ...
  input file   : /home/rstudio/projects/boettiger-lab/pomdp-fish/manuscript-1/code/plots_morenoise.pomdpx
  loading time : 4.50s 

SARSOP initializing ...
  initialization time : 754.01s

-------------------------------------------------------------------------------
 Time   |#Trial |#Backup |LBound    |UBound    |Precision  |#Alphas |#Beliefs  
-------------------------------------------------------------------------------
 754.01  0       0        2.15531    3.80596    1.65065     100      1        
 758.45  3       59       2.84128    3.26223    0.420956    18       31       
 764.8   5       100      2.96723    3.26143    0.294203    12       52       
 779.26  7       150      3.03536    3.25994    0.224577    11       81       
 793.58  10      205      3.10182    3.25866    0.156833    17       103      
 812.81  12      251      3.11575    3.25794    0.142198    13       125      
 834.97  14      300      3.13469    3.25752    0.122825    18       150      
 858.57  16      350      3.14935    3.25688    0.107536    19       174      
 889.18  18      400      3.15478    3.256      0.101215    21       199      
 921.38  20      450      3.15864    3.25569    0.0970499   22       223      
 959.9   22      500      3.16215    3.25535    0.0931971   22       248      
 1000.87 25      561      3.16585    3.25442    0.0885739   28       271      
 1041.25 27      609      3.16737    3.25423    0.0868577   21       293      
 1092.5  29      659      3.16845    3.25367    0.085216    29       317      
 1144.44 31      707      3.17022    3.25352    0.0832918   26       339      
 1196.08 33      755      3.17121    3.25339    0.0821771   24       360      
 1248.62 35      801      3.17291    3.25311    0.0801946   36       381      
 1305.44 37      850      3.1734     3.25302    0.0796281   33       403      
 1374.24 39      900      3.17354    3.25261    0.0790702   34       428      
 1444.57 41      950      3.17485    3.25247    0.0776191   28       452      
 1518.08 43      1000     3.17627    3.25237    0.0760988   26       476      
 1602.47 45      1050     3.17687    3.25226    0.0753868   27       501      
 1674.73 48      1111     3.17848    3.25188    0.0734056   30       524      
 1743.98 50      1159     3.17877    3.25178    0.0730151   38       545      
 1827.79 52      1207     3.17906    3.25167    0.0726122   44       568      
 1910.26 54      1255     3.1808     3.25113    0.070333    53       590      
 1982.89 56      1305     3.18159    3.25103    0.069442    31       610      
 2074.06 58      1357     3.18197    3.25091    0.0689358   46       634      
 2165.59 60      1407     3.18214    3.2507     0.0685596   44       657      
 2262.6  62      1457     3.18235    3.25064    0.0682858   41       679      
 2366.36 64      1505     3.1826     3.25052    0.0679161   42       701      
 2468.14 66      1555     3.18272    3.25045    0.0677326   45       722      
 2577.31 68      1603     3.18277    3.25041    0.0676431   53       743      
 2694.78 70      1653     3.18289    3.25037    0.0674875   48       764      
 2830.71 72      1703     3.18297    3.24999    0.0670169   51       788      
 2959.09 74      1751     3.18306    3.24995    0.0668929   44       809      
 3103.64 76      1800     3.18317    3.2499     0.0667309   46       831      
 3251    78      1850     3.18322    3.24989    0.0666614   58       853      
 3417.58 80      1900     3.18342    3.24984    0.0664181   63       877      
 3579.22 82      1950     3.18349    3.2498     0.0663188   56       899      
 3757.77 84      2000     3.18359    3.24974    0.0661539   58       922      
 3924.17 86      2050     3.18423    3.24967    0.0654434   40       946      
 4075.82 88      2100     3.18438    3.24963    0.0652527   45       968      
 4249.73 90      2150     3.18448    3.24961    0.0651355   60       991      
 4396.59 92      2200     3.18551    3.24921    0.0636994   56       1015     
 4507.55 94      2250     3.18555    3.24918    0.0636297   53       1034     
 4665.11 96      2300     3.18565    3.24917    0.0635182   60       1058     
 4824.74 98      2350     3.18586    3.24911    0.0632468   65       1082     
 4988.63 101     2411     3.18596    3.24902    0.0630604   63       1104     
 5151.88 103     2461     3.18606    3.24899    0.0629272   58       1127     
 5306.53 105     2509     3.18611    3.24898    0.0628629   59       1149     
 5462.2  107     2557     3.18614    3.24893    0.0627879   67       1170     
 5632.94 109     2605     3.18619    3.24875    0.0625668   71       1191     
 5796.62 111     2653     3.18629    3.2487     0.0624075   64       1211     
 5978.36 113     2703     3.18633    3.24868    0.0623513   67       1233     
 6171.24 115     2753     3.18635    3.24866    0.0623028   78       1255     
 6374.05 117     2801     3.18638    3.24862    0.062242    75       1276     
 6587.66 119     2850     3.18642    3.24858    0.0621552   75       1298     
 6792.55 121     2900     3.18644    3.24853    0.0620914   78       1319     
 7020.55 123     2950     3.18648    3.24845    0.0619765   69       1342     
 7254.57 125     3000     3.18672    3.24822    0.061503    73       1365     
 7450.9  127     3050     3.18679    3.24812    0.0613276   74       1384     
 7668.39 129     3100     3.18681    3.24808    0.0612701   88       1405     
 7912.04 131     3150     3.18686    3.24804    0.0611852   79       1427     
 8138.2  133     3200     3.18754    3.24798    0.0604435   61       1449     
 8362.96 135     3250     3.18766    3.24796    0.060292    57       1472     
 8578.8  137     3300     3.18774    3.24793    0.0601932   53       1492     
 8809.09 139     3350     3.18781    3.24791    0.0601056   52       1514     
 9021.83 141     3400     3.18786    3.2479     0.0600331   62       1534     
 9230.42 143     3450     3.18792    3.24787    0.0599499   64       1553     
 9499.72 145     3500     3.18801    3.24781    0.0598009   69       1576     
 9744.67 147     3550     3.18806    3.2478     0.0597371   67       1597     
 9986.26 149     3600     3.18809    3.24779    0.0596946   76       1618     
 10268   151     3650     3.18818    3.24762    0.0594421   91       1640     
-------------------------------------------------------------------------------

SARSOP finishing ...
  Preset timeout reached
  Timeout     : 10000.000000s
  Actual Time : 10267.970000s

-------------------------------------------------------------------------------
 Time   |#Trial |#Backup |LBound    |UBound    |Precision  |#Alphas |#Beliefs  
-------------------------------------------------------------------------------
 10268   151     3650     3.18818    3.24762    0.0594421   91       1640     
-------------------------------------------------------------------------------

Writing out policy ...
  output file : ./plots_morenoise.policyx

